<?xml version="1.0" encoding="utf-8" standalone="no"?>
<!--This file represents the results of running a test suite-->
<test-results name="D:\Csharp\Zingmp3_winform\ZingMP3_buildproject\TestProject\bin\Release\TestProject.dll" total="0" errors="0" failures="0" not-run="0" inconclusive="0" ignored="0" skipped="0" invalid="0" date="2019-03-12" time="21:00:12">
  <environment nunit-version="2.7.0.0" clr-version="2.0.50727.8937" os-version="Microsoft Windows NT 6.2.9200.0" platform="Win32NT" cwd="E:\Nunit_Test\Nunit_2.7.0\bin" machine-name="DESKTOP-TKMNHTF" user="Good_Boy" user-domain="DESKTOP-TKMNHTF" />
  <culture-info current-culture="en-US" current-uiculture="en-US" />
  <test-suite type="Assembly" name="D:\Csharp\Zingmp3_winform\ZingMP3_buildproject\TestProject\bin\Release\TestProject.dll" executed="True" result="Inconclusive" success="False" time="0.000" asserts="0" />
</test-results>