<?xml version="1.0" encoding="utf-8" standalone="no"?>
<!--This file represents the results of running a test suite-->
<test-results name="D:\Csharp\Zingmp3_winform\ZingMP3_buildproject\TestProject\bin\Debug\TestProject.dll" total="1" errors="1" failures="0" not-run="0" inconclusive="0" ignored="0" skipped="0" invalid="0" date="2019-03-12" time="21:09:28">
  <environment nunit-version="2.7.0.0" clr-version="2.0.50727.8937" os-version="Microsoft Windows NT 6.2.9200.0" platform="Win32NT" cwd="E:\Nunit_Test\Nunit_2.7.0\bin" machine-name="DESKTOP-TKMNHTF" user="Good_Boy" user-domain="DESKTOP-TKMNHTF" />
  <culture-info current-culture="en-US" current-uiculture="en-US" />
  <test-suite type="Assembly" name="D:\Csharp\Zingmp3_winform\ZingMP3_buildproject\TestProject\bin\Debug\TestProject.dll" executed="True" result="Failure" success="False" time="0.059" asserts="0">
    <results>
      <test-suite type="Namespace" name="TestProject" executed="True" result="Failure" success="False" time="0.047" asserts="0">
        <results>
          <test-suite type="TestFixture" name="LoginViewTest" executed="True" result="Failure" success="False" time="0.045" asserts="0">
            <results>
              <test-case name="TestProject.LoginViewTest.LoginTest" executed="True" result="Error" success="False" time="0.036" asserts="0">
                <failure>
                  <message><![CDATA[System.BadImageFormatException : Could not load file or assembly 'ZingMP3_buildproject, Version=1.0.0.0, Culture=neutral, PublicKeyToken=null' or one of its dependencies. An attempt was made to load a program with an incorrect format.]]></message>
                  <stack-trace><![CDATA[at TestProject.LoginViewTest.LoginTest()
]]></stack-trace>
                </failure>
              </test-case>
            </results>
          </test-suite>
        </results>
      </test-suite>
    </results>
  </test-suite>
</test-results>